<?xml version="1.0" encoding="UTF-8"?>
<!-- Generated by org.testng.reporters.JUnitReportReporter -->
<testsuite skipped="0" hostname="BDC4-L-61062ND" name="com.crm.qa.testcases.ContactsPageTest" tests="4" failures="0" timestamp="2020-07-28T12:43:18 IST" time="314.692" errors="0">
  <testcase name="contactsPageUrlTest" time="107.785" classname="com.crm.qa.testcases.ContactsPageTest"/>
  <system-out/>
  <testcase name="contactsPageTitleTest" time="57.567" classname="com.crm.qa.testcases.ContactsPageTest"/>
  <system-out/>
  <testcase name="contactsPageLabelTest" time="75.417" classname="com.crm.qa.testcases.ContactsPageTest"/>
  <system-out/>
  <testcase name="selectDesiredContactTest" time="73.923" classname="com.crm.qa.testcases.ContactsPageTest"/>
  <system-out/>
</testsuite> <!-- com.crm.qa.testcases.ContactsPageTest -->
