<?xml version="1.0" encoding="UTF-8"?>
<!-- Generated by org.testng.reporters.JUnitReportReporter -->
<testsuite skipped="0" hostname="BDC4-L-61062ND" name="com.crm.qa.testcases.LoginPageTest" tests="4" failures="0" timestamp="2020-07-28T12:43:18 IST" time="253.878" errors="0">
  <testcase name="loginPageUrlTest" time="47.252" classname="com.crm.qa.testcases.LoginPageTest"/>
  <system-out/>
  <testcase name="loginPageTitleTest" time="79.811" classname="com.crm.qa.testcases.LoginPageTest"/>
  <system-out/>
  <testcase name="customerLoginTest" time="73.550" classname="com.crm.qa.testcases.LoginPageTest"/>
  <system-out/>
  <testcase name="validateResetPasswordPageLinkTest" time="53.265" classname="com.crm.qa.testcases.LoginPageTest"/>
  <system-out/>
</testsuite> <!-- com.crm.qa.testcases.LoginPageTest -->
