<?xml version="1.0" encoding="UTF-8"?>
<!-- Generated by org.testng.reporters.JUnitReportReporter -->
<testsuite skipped="0" hostname="BDC4-L-61062ND" name="com.others.OneTest" tests="5" failures="0" timestamp="2020-07-27T12:27:12 IST" time="211.233" errors="0">
  <testcase name="test1" time="42.116" classname="com.others.OneTest"/>
  <system-out/>
  <testcase name="test2" time="35.061" classname="com.others.OneTest"/>
  <system-out/>
  <testcase name="test3" time="71.548" classname="com.others.OneTest"/>
  <system-out/>
  <testcase name="test4" time="21.683" classname="com.others.OneTest"/>
  <system-out/>
  <testcase name="test5" time="40.825" classname="com.others.OneTest"/>
  <system-out/>
</testsuite> <!-- com.others.OneTest -->
