<?xml version="1.0" encoding="UTF-8"?>
<!-- Generated by org.testng.reporters.JUnitReportReporter -->
<testsuite skipped="0" hostname="BDC4-L-61062ND" name="com.crm.qa.testcases.NewContactPageTest" tests="3" failures="0" timestamp="2020-07-28T00:38:08 IST" time="249.205" errors="0">
  <testcase name="createNewContactTest" time="82.989" classname="com.crm.qa.testcases.NewContactPageTest"/>
  <system-out/>
  <testcase name="createNewContactTest" time="80.457" classname="com.crm.qa.testcases.NewContactPageTest"/>
  <system-out/>
  <testcase name="createNewContactTest" time="85.759" classname="com.crm.qa.testcases.NewContactPageTest"/>
  <system-out/>
</testsuite> <!-- com.crm.qa.testcases.NewContactPageTest -->
