<?xml version="1.0" encoding="UTF-8"?>
<!-- Generated by org.testng.reporters.JUnitReportReporter -->
<testsuite skipped="0" hostname="BDC4-L-61062ND" name="com.crm.qa.testcases.LaunchPageTest" tests="4" failures="0" timestamp="2020-07-27T12:45:20 IST" time="181.737" errors="0">
  <testcase name="companyLogoDisplayTest" time="48.584" classname="com.crm.qa.testcases.LaunchPageTest"/>
  <system-out/>
  <testcase name="companyTelephoneDisplayTest" time="31.687" classname="com.crm.qa.testcases.LaunchPageTest"/>
  <system-out/>
  <testcase name="signUpPageLinkTest" time="49.618" classname="com.crm.qa.testcases.LaunchPageTest"/>
  <system-out/>
  <testcase name="loginPageLinkTest" time="51.848" classname="com.crm.qa.testcases.LaunchPageTest"/>
  <system-out/>
</testsuite> <!-- com.crm.qa.testcases.LaunchPageTest -->
