<?xml version="1.0" encoding="UTF-8"?>
<!-- Generated by org.testng.reporters.JUnitReportReporter -->
<testsuite skipped="0" hostname="BDC4-L-61062ND" name="com.crm.qa.testcases.ContactsPageTest" tests="4" failures="0" timestamp="2020-07-28T10:49:33 IST" time="229.846" errors="0">
  <testcase name="contactsPageUrlTest" time="49.285" classname="com.crm.qa.testcases.ContactsPageTest"/>
  <system-out/>
  <testcase name="contactsPageTitleTest" time="59.638" classname="com.crm.qa.testcases.ContactsPageTest"/>
  <system-out/>
  <testcase name="contactsPageLabelTest" time="72.014" classname="com.crm.qa.testcases.ContactsPageTest"/>
  <system-out/>
  <testcase name="selectDesiredContactTest" time="48.909" classname="com.crm.qa.testcases.ContactsPageTest"/>
  <system-out/>
</testsuite> <!-- com.crm.qa.testcases.ContactsPageTest -->
