<?xml version="1.0" encoding="UTF-8"?>
<!-- Generated by org.testng.reporters.JUnitReportReporter -->
<testsuite skipped="0" hostname="BDC4-L-61062ND" name="com.crm.qa.testcases.LoginPageTest" tests="2" failures="0" timestamp="2020-07-28T10:49:33 IST" time="126.682" errors="0">
  <testcase name="customerLoginTest" time="66.645" classname="com.crm.qa.testcases.LoginPageTest"/>
  <system-out/>
  <testcase name="validateResetPasswordPageLinkTest" time="60.037" classname="com.crm.qa.testcases.LoginPageTest"/>
  <system-out/>
</testsuite> <!-- com.crm.qa.testcases.LoginPageTest -->
